[0.150s] colcon DEBUG Command line arguments: ['/usr/bin/colcon', 'list', '-p', '--base-paths', '/home/razturgeman/ros2_ws/depth-estimation-project/camera_initialization']
[0.150s] colcon DEBUG Parsed command line arguments: Namespace(log_base=None, log_level=None, verb_name='list', build_base='build', ignore_user_meta=False, metas=['./colcon.meta'], base_paths=['/home/razturgeman/ros2_ws/depth-estimation-project/camera_initialization'], packages_ignore=None, packages_ignore_regex=None, paths=None, packages_up_to=None, packages_up_to_regex=None, packages_above=None, packages_above_and_dependencies=None, packages_above_depth=None, packages_select_by_dep=None, packages_skip_by_dep=None, packages_skip_up_to=None, packages_select_build_failed=False, packages_skip_build_finished=False, packages_select_test_failures=False, packages_skip_test_passed=False, packages_select=None, packages_skip=None, packages_select_regex=None, packages_skip_regex=None, packages_start=None, packages_end=None, allow_overriding=[], topological_order=False, names_only=False, paths_only=True, topological_graph=False, topological_graph_dot=False, topological_graph_density=False, topological_graph_legend=False, topological_graph_dot_cluster=False, topological_graph_dot_include_skipped=False, verb_parser=<colcon_defaults.argument_parser.defaults.DefaultArgumentsDecorator object at 0x6fff2a5a26e0>, verb_extension=<colcon_package_information.verb.list.ListVerb object at 0x6fff2a5a0b80>, main=<bound method ListVerb.main of <colcon_package_information.verb.list.ListVerb object at 0x6fff2a5a0b80>>)
[0.370s] colcon.colcon_core.package_discovery Level 1 discover_packages(colcon_meta) check parameters
[0.370s] colcon.colcon_core.package_discovery Level 1 discover_packages(recursive) check parameters
[0.370s] colcon.colcon_core.package_discovery Level 1 discover_packages(ignore) check parameters
[0.370s] colcon.colcon_core.package_discovery Level 1 discover_packages(path) check parameters
[0.370s] colcon.colcon_core.package_discovery Level 1 discover_packages(recursive) discover
[0.370s] colcon.colcon_core.package_discovery INFO Crawling recursively for packages in '/home/razturgeman/ros2_ws/depth-estimation-project/camera_initialization'
[0.370s] colcon.colcon_core.package_identification Level 1 _identify(/home/razturgeman/ros2_ws/depth-estimation-project/camera_initialization) by extensions ['ignore', 'ignore_ament_install']
[0.371s] colcon.colcon_core.package_identification Level 1 _identify(/home/razturgeman/ros2_ws/depth-estimation-project/camera_initialization) by extension 'ignore'
[0.371s] colcon.colcon_core.package_identification Level 1 _identify(/home/razturgeman/ros2_ws/depth-estimation-project/camera_initialization) by extension 'ignore_ament_install'
[0.371s] colcon.colcon_core.package_identification Level 1 _identify(/home/razturgeman/ros2_ws/depth-estimation-project/camera_initialization) by extensions ['colcon_pkg']
[0.371s] colcon.colcon_core.package_identification Level 1 _identify(/home/razturgeman/ros2_ws/depth-estimation-project/camera_initialization) by extension 'colcon_pkg'
[0.371s] colcon.colcon_core.package_identification Level 1 _identify(/home/razturgeman/ros2_ws/depth-estimation-project/camera_initialization) by extensions ['colcon_meta']
[0.371s] colcon.colcon_core.package_identification Level 1 _identify(/home/razturgeman/ros2_ws/depth-estimation-project/camera_initialization) by extension 'colcon_meta'
[0.371s] colcon.colcon_core.package_identification Level 1 _identify(/home/razturgeman/ros2_ws/depth-estimation-project/camera_initialization) by extensions ['ros']
[0.371s] colcon.colcon_core.package_identification Level 1 _identify(/home/razturgeman/ros2_ws/depth-estimation-project/camera_initialization) by extension 'ros'
[0.382s] colcon.colcon_core.package_identification Level 1 _identify(/home/razturgeman/ros2_ws/depth-estimation-project/camera_initialization) by extensions ['cmake', 'python']
[0.382s] colcon.colcon_core.package_identification Level 1 _identify(/home/razturgeman/ros2_ws/depth-estimation-project/camera_initialization) by extension 'cmake'
[0.382s] colcon.colcon_core.package_identification Level 1 _identify(/home/razturgeman/ros2_ws/depth-estimation-project/camera_initialization) by extension 'python'
[0.382s] colcon.colcon_core.package_identification Level 1 _identify(/home/razturgeman/ros2_ws/depth-estimation-project/camera_initialization) by extensions ['python_setup_py']
[0.382s] colcon.colcon_core.package_identification Level 1 _identify(/home/razturgeman/ros2_ws/depth-estimation-project/camera_initialization) by extension 'python_setup_py'
[0.382s] colcon.colcon_core.package_identification Level 1 _identify(/home/razturgeman/ros2_ws/depth-estimation-project/camera_initialization/log) by extensions ['ignore', 'ignore_ament_install']
[0.383s] colcon.colcon_core.package_identification Level 1 _identify(/home/razturgeman/ros2_ws/depth-estimation-project/camera_initialization/log) by extension 'ignore'
[0.383s] colcon.colcon_core.package_identification Level 1 _identify(/home/razturgeman/ros2_ws/depth-estimation-project/camera_initialization/log) ignored
[0.383s] colcon.colcon_core.package_identification Level 1 _identify(/home/razturgeman/ros2_ws/depth-estimation-project/camera_initialization/src) by extensions ['ignore', 'ignore_ament_install']
[0.383s] colcon.colcon_core.package_identification Level 1 _identify(/home/razturgeman/ros2_ws/depth-estimation-project/camera_initialization/src) by extension 'ignore'
[0.383s] colcon.colcon_core.package_identification Level 1 _identify(/home/razturgeman/ros2_ws/depth-estimation-project/camera_initialization/src) by extension 'ignore_ament_install'
[0.383s] colcon.colcon_core.package_identification Level 1 _identify(/home/razturgeman/ros2_ws/depth-estimation-project/camera_initialization/src) by extensions ['colcon_pkg']
[0.383s] colcon.colcon_core.package_identification Level 1 _identify(/home/razturgeman/ros2_ws/depth-estimation-project/camera_initialization/src) by extension 'colcon_pkg'
[0.383s] colcon.colcon_core.package_identification Level 1 _identify(/home/razturgeman/ros2_ws/depth-estimation-project/camera_initialization/src) by extensions ['colcon_meta']
[0.383s] colcon.colcon_core.package_identification Level 1 _identify(/home/razturgeman/ros2_ws/depth-estimation-project/camera_initialization/src) by extension 'colcon_meta'
[0.383s] colcon.colcon_core.package_identification Level 1 _identify(/home/razturgeman/ros2_ws/depth-estimation-project/camera_initialization/src) by extensions ['ros']
[0.383s] colcon.colcon_core.package_identification Level 1 _identify(/home/razturgeman/ros2_ws/depth-estimation-project/camera_initialization/src) by extension 'ros'
[0.383s] colcon.colcon_core.package_identification Level 1 _identify(/home/razturgeman/ros2_ws/depth-estimation-project/camera_initialization/src) by extensions ['cmake', 'python']
[0.383s] colcon.colcon_core.package_identification Level 1 _identify(/home/razturgeman/ros2_ws/depth-estimation-project/camera_initialization/src) by extension 'cmake'
[0.383s] colcon.colcon_core.package_identification Level 1 _identify(/home/razturgeman/ros2_ws/depth-estimation-project/camera_initialization/src) by extension 'python'
[0.383s] colcon.colcon_core.package_identification Level 1 _identify(/home/razturgeman/ros2_ws/depth-estimation-project/camera_initialization/src) by extensions ['python_setup_py']
[0.384s] colcon.colcon_core.package_identification Level 1 _identify(/home/razturgeman/ros2_ws/depth-estimation-project/camera_initialization/src) by extension 'python_setup_py'
[0.384s] colcon.colcon_core.package_identification Level 1 _identify(/home/razturgeman/ros2_ws/depth-estimation-project/camera_initialization/src/camera_initialization) by extensions ['ignore', 'ignore_ament_install']
[0.384s] colcon.colcon_core.package_identification Level 1 _identify(/home/razturgeman/ros2_ws/depth-estimation-project/camera_initialization/src/camera_initialization) by extension 'ignore'
[0.384s] colcon.colcon_core.package_identification Level 1 _identify(/home/razturgeman/ros2_ws/depth-estimation-project/camera_initialization/src/camera_initialization) by extension 'ignore_ament_install'
[0.384s] colcon.colcon_core.package_identification Level 1 _identify(/home/razturgeman/ros2_ws/depth-estimation-project/camera_initialization/src/camera_initialization) by extensions ['colcon_pkg']
[0.384s] colcon.colcon_core.package_identification Level 1 _identify(/home/razturgeman/ros2_ws/depth-estimation-project/camera_initialization/src/camera_initialization) by extension 'colcon_pkg'
[0.384s] colcon.colcon_core.package_identification Level 1 _identify(/home/razturgeman/ros2_ws/depth-estimation-project/camera_initialization/src/camera_initialization) by extensions ['colcon_meta']
[0.384s] colcon.colcon_core.package_identification Level 1 _identify(/home/razturgeman/ros2_ws/depth-estimation-project/camera_initialization/src/camera_initialization) by extension 'colcon_meta'
[0.384s] colcon.colcon_core.package_identification Level 1 _identify(/home/razturgeman/ros2_ws/depth-estimation-project/camera_initialization/src/camera_initialization) by extensions ['ros']
[0.384s] colcon.colcon_core.package_identification Level 1 _identify(/home/razturgeman/ros2_ws/depth-estimation-project/camera_initialization/src/camera_initialization) by extension 'ros'
[0.387s] colcon.colcon_core.package_identification DEBUG Package '/home/razturgeman/ros2_ws/depth-estimation-project/camera_initialization/src/camera_initialization' with type 'ros.ament_cmake' and name 'camera_initialization'
[0.387s] colcon.colcon_core.package_identification Level 1 _identify(/home/razturgeman/ros2_ws/depth-estimation-project/camera_initialization/src/image_splitter) by extensions ['ignore', 'ignore_ament_install']
[0.387s] colcon.colcon_core.package_identification Level 1 _identify(/home/razturgeman/ros2_ws/depth-estimation-project/camera_initialization/src/image_splitter) by extension 'ignore'
[0.387s] colcon.colcon_core.package_identification Level 1 _identify(/home/razturgeman/ros2_ws/depth-estimation-project/camera_initialization/src/image_splitter) by extension 'ignore_ament_install'
[0.387s] colcon.colcon_core.package_identification Level 1 _identify(/home/razturgeman/ros2_ws/depth-estimation-project/camera_initialization/src/image_splitter) by extensions ['colcon_pkg']
[0.387s] colcon.colcon_core.package_identification Level 1 _identify(/home/razturgeman/ros2_ws/depth-estimation-project/camera_initialization/src/image_splitter) by extension 'colcon_pkg'
[0.387s] colcon.colcon_core.package_identification Level 1 _identify(/home/razturgeman/ros2_ws/depth-estimation-project/camera_initialization/src/image_splitter) by extensions ['colcon_meta']
[0.387s] colcon.colcon_core.package_identification Level 1 _identify(/home/razturgeman/ros2_ws/depth-estimation-project/camera_initialization/src/image_splitter) by extension 'colcon_meta'
[0.387s] colcon.colcon_core.package_identification Level 1 _identify(/home/razturgeman/ros2_ws/depth-estimation-project/camera_initialization/src/image_splitter) by extensions ['ros']
[0.387s] colcon.colcon_core.package_identification Level 1 _identify(/home/razturgeman/ros2_ws/depth-estimation-project/camera_initialization/src/image_splitter) by extension 'ros'
[0.388s] colcon.colcon_core.package_identification DEBUG Package '/home/razturgeman/ros2_ws/depth-estimation-project/camera_initialization/src/image_splitter' with type 'ros.ament_python' and name 'image_splitter'
[0.388s] colcon.colcon_core.package_discovery Level 1 discover_packages(recursive) using defaults
