[0.109s] colcon DEBUG Command line arguments: ['/usr/bin/colcon', 'list', '-p', '--base-paths', '/home/razturgeman/ros2_ws/depth-estimation-project/Neural_Networks_Depth']
[0.110s] colcon DEBUG Parsed command line arguments: Namespace(log_base=None, log_level=None, verb_name='list', build_base='build', ignore_user_meta=False, metas=['./colcon.meta'], base_paths=['/home/razturgeman/ros2_ws/depth-estimation-project/Neural_Networks_Depth'], packages_ignore=None, packages_ignore_regex=None, paths=None, packages_up_to=None, packages_up_to_regex=None, packages_above=None, packages_above_and_dependencies=None, packages_above_depth=None, packages_select_by_dep=None, packages_skip_by_dep=None, packages_skip_up_to=None, packages_select_build_failed=False, packages_skip_build_finished=False, packages_select_test_failures=False, packages_skip_test_passed=False, packages_select=None, packages_skip=None, packages_select_regex=None, packages_skip_regex=None, packages_start=None, packages_end=None, allow_overriding=[], topological_order=False, names_only=False, paths_only=True, topological_graph=False, topological_graph_dot=False, topological_graph_density=False, topological_graph_legend=False, topological_graph_dot_cluster=False, topological_graph_dot_include_skipped=False, verb_parser=<colcon_defaults.argument_parser.defaults.DefaultArgumentsDecorator object at 0x76cc54396740>, verb_extension=<colcon_package_information.verb.list.ListVerb object at 0x76cc54394be0>, main=<bound method ListVerb.main of <colcon_package_information.verb.list.ListVerb object at 0x76cc54394be0>>)
[0.302s] colcon.colcon_core.package_discovery Level 1 discover_packages(colcon_meta) check parameters
[0.302s] colcon.colcon_core.package_discovery Level 1 discover_packages(recursive) check parameters
[0.302s] colcon.colcon_core.package_discovery Level 1 discover_packages(ignore) check parameters
[0.302s] colcon.colcon_core.package_discovery Level 1 discover_packages(path) check parameters
[0.302s] colcon.colcon_core.package_discovery Level 1 discover_packages(recursive) discover
[0.302s] colcon.colcon_core.package_discovery INFO Crawling recursively for packages in '/home/razturgeman/ros2_ws/depth-estimation-project/Neural_Networks_Depth'
[0.303s] colcon.colcon_core.package_identification Level 1 _identify(/home/razturgeman/ros2_ws/depth-estimation-project/Neural_Networks_Depth) by extensions ['ignore', 'ignore_ament_install']
[0.303s] colcon.colcon_core.package_identification Level 1 _identify(/home/razturgeman/ros2_ws/depth-estimation-project/Neural_Networks_Depth) by extension 'ignore'
[0.303s] colcon.colcon_core.package_identification Level 1 _identify(/home/razturgeman/ros2_ws/depth-estimation-project/Neural_Networks_Depth) by extension 'ignore_ament_install'
[0.303s] colcon.colcon_core.package_identification Level 1 _identify(/home/razturgeman/ros2_ws/depth-estimation-project/Neural_Networks_Depth) by extensions ['colcon_pkg']
[0.303s] colcon.colcon_core.package_identification Level 1 _identify(/home/razturgeman/ros2_ws/depth-estimation-project/Neural_Networks_Depth) by extension 'colcon_pkg'
[0.303s] colcon.colcon_core.package_identification Level 1 _identify(/home/razturgeman/ros2_ws/depth-estimation-project/Neural_Networks_Depth) by extensions ['colcon_meta']
[0.303s] colcon.colcon_core.package_identification Level 1 _identify(/home/razturgeman/ros2_ws/depth-estimation-project/Neural_Networks_Depth) by extension 'colcon_meta'
[0.303s] colcon.colcon_core.package_identification Level 1 _identify(/home/razturgeman/ros2_ws/depth-estimation-project/Neural_Networks_Depth) by extensions ['ros']
[0.303s] colcon.colcon_core.package_identification Level 1 _identify(/home/razturgeman/ros2_ws/depth-estimation-project/Neural_Networks_Depth) by extension 'ros'
[0.313s] colcon.colcon_core.package_identification Level 1 _identify(/home/razturgeman/ros2_ws/depth-estimation-project/Neural_Networks_Depth) by extensions ['cmake', 'python']
[0.313s] colcon.colcon_core.package_identification Level 1 _identify(/home/razturgeman/ros2_ws/depth-estimation-project/Neural_Networks_Depth) by extension 'cmake'
[0.313s] colcon.colcon_core.package_identification Level 1 _identify(/home/razturgeman/ros2_ws/depth-estimation-project/Neural_Networks_Depth) by extension 'python'
[0.313s] colcon.colcon_core.package_identification Level 1 _identify(/home/razturgeman/ros2_ws/depth-estimation-project/Neural_Networks_Depth) by extensions ['python_setup_py']
[0.313s] colcon.colcon_core.package_identification Level 1 _identify(/home/razturgeman/ros2_ws/depth-estimation-project/Neural_Networks_Depth) by extension 'python_setup_py'
[0.313s] colcon.colcon_core.package_identification Level 1 _identify(/home/razturgeman/ros2_ws/depth-estimation-project/Neural_Networks_Depth/log) by extensions ['ignore', 'ignore_ament_install']
[0.313s] colcon.colcon_core.package_identification Level 1 _identify(/home/razturgeman/ros2_ws/depth-estimation-project/Neural_Networks_Depth/log) by extension 'ignore'
[0.313s] colcon.colcon_core.package_identification Level 1 _identify(/home/razturgeman/ros2_ws/depth-estimation-project/Neural_Networks_Depth/log) ignored
[0.313s] colcon.colcon_core.package_identification Level 1 _identify(/home/razturgeman/ros2_ws/depth-estimation-project/Neural_Networks_Depth/src) by extensions ['ignore', 'ignore_ament_install']
[0.313s] colcon.colcon_core.package_identification Level 1 _identify(/home/razturgeman/ros2_ws/depth-estimation-project/Neural_Networks_Depth/src) by extension 'ignore'
[0.313s] colcon.colcon_core.package_identification Level 1 _identify(/home/razturgeman/ros2_ws/depth-estimation-project/Neural_Networks_Depth/src) by extension 'ignore_ament_install'
[0.313s] colcon.colcon_core.package_identification Level 1 _identify(/home/razturgeman/ros2_ws/depth-estimation-project/Neural_Networks_Depth/src) by extensions ['colcon_pkg']
[0.313s] colcon.colcon_core.package_identification Level 1 _identify(/home/razturgeman/ros2_ws/depth-estimation-project/Neural_Networks_Depth/src) by extension 'colcon_pkg'
[0.313s] colcon.colcon_core.package_identification Level 1 _identify(/home/razturgeman/ros2_ws/depth-estimation-project/Neural_Networks_Depth/src) by extensions ['colcon_meta']
[0.313s] colcon.colcon_core.package_identification Level 1 _identify(/home/razturgeman/ros2_ws/depth-estimation-project/Neural_Networks_Depth/src) by extension 'colcon_meta'
[0.313s] colcon.colcon_core.package_identification Level 1 _identify(/home/razturgeman/ros2_ws/depth-estimation-project/Neural_Networks_Depth/src) by extensions ['ros']
[0.314s] colcon.colcon_core.package_identification Level 1 _identify(/home/razturgeman/ros2_ws/depth-estimation-project/Neural_Networks_Depth/src) by extension 'ros'
[0.314s] colcon.colcon_core.package_identification Level 1 _identify(/home/razturgeman/ros2_ws/depth-estimation-project/Neural_Networks_Depth/src) by extensions ['cmake', 'python']
[0.314s] colcon.colcon_core.package_identification Level 1 _identify(/home/razturgeman/ros2_ws/depth-estimation-project/Neural_Networks_Depth/src) by extension 'cmake'
[0.314s] colcon.colcon_core.package_identification Level 1 _identify(/home/razturgeman/ros2_ws/depth-estimation-project/Neural_Networks_Depth/src) by extension 'python'
[0.314s] colcon.colcon_core.package_identification Level 1 _identify(/home/razturgeman/ros2_ws/depth-estimation-project/Neural_Networks_Depth/src) by extensions ['python_setup_py']
[0.314s] colcon.colcon_core.package_identification Level 1 _identify(/home/razturgeman/ros2_ws/depth-estimation-project/Neural_Networks_Depth/src) by extension 'python_setup_py'
[0.314s] colcon.colcon_core.package_identification Level 1 _identify(/home/razturgeman/ros2_ws/depth-estimation-project/Neural_Networks_Depth/src/neural_network_stereo_depth_pkg) by extensions ['ignore', 'ignore_ament_install']
[0.314s] colcon.colcon_core.package_identification Level 1 _identify(/home/razturgeman/ros2_ws/depth-estimation-project/Neural_Networks_Depth/src/neural_network_stereo_depth_pkg) by extension 'ignore'
[0.314s] colcon.colcon_core.package_identification Level 1 _identify(/home/razturgeman/ros2_ws/depth-estimation-project/Neural_Networks_Depth/src/neural_network_stereo_depth_pkg) by extension 'ignore_ament_install'
[0.314s] colcon.colcon_core.package_identification Level 1 _identify(/home/razturgeman/ros2_ws/depth-estimation-project/Neural_Networks_Depth/src/neural_network_stereo_depth_pkg) by extensions ['colcon_pkg']
[0.314s] colcon.colcon_core.package_identification Level 1 _identify(/home/razturgeman/ros2_ws/depth-estimation-project/Neural_Networks_Depth/src/neural_network_stereo_depth_pkg) by extension 'colcon_pkg'
[0.314s] colcon.colcon_core.package_identification Level 1 _identify(/home/razturgeman/ros2_ws/depth-estimation-project/Neural_Networks_Depth/src/neural_network_stereo_depth_pkg) by extensions ['colcon_meta']
[0.314s] colcon.colcon_core.package_identification Level 1 _identify(/home/razturgeman/ros2_ws/depth-estimation-project/Neural_Networks_Depth/src/neural_network_stereo_depth_pkg) by extension 'colcon_meta'
[0.314s] colcon.colcon_core.package_identification Level 1 _identify(/home/razturgeman/ros2_ws/depth-estimation-project/Neural_Networks_Depth/src/neural_network_stereo_depth_pkg) by extensions ['ros']
[0.314s] colcon.colcon_core.package_identification Level 1 _identify(/home/razturgeman/ros2_ws/depth-estimation-project/Neural_Networks_Depth/src/neural_network_stereo_depth_pkg) by extension 'ros'
[0.317s] colcon.colcon_core.package_identification DEBUG Package '/home/razturgeman/ros2_ws/depth-estimation-project/Neural_Networks_Depth/src/neural_network_stereo_depth_pkg' with type 'ros.ament_python' and name 'neural_network_stereo_depth_pkg'
[0.317s] colcon.colcon_core.package_discovery Level 1 discover_packages(recursive) using defaults
